<?xml version="1.0" encoding="UTF-8" standalone="no"?>
<testsuite failures="0" name="cucumber.runtime.formatter.JUnitFormatter" skipped="0" tests="1" time="0.213809">
<testcase classname="Retrieving results from Gherkin works fine" name="run it and get results and an exception" time="0.213809">
<system-out><![CDATA[Given i run this............................................................passed
When i define one step to throw exception...................................passed
Then an exception will not be thrown........................................passed
]]></system-out>
</testcase>
</testsuite>
